<?xml version="1.0" encoding="UTF-8"?>
<testng-results skipped="0" failed="0" total="1" passed="1">
  <reporter-output>
  </reporter-output>
  <suite name="Default suite" duration-ms="10784" started-at="2018-02-14T19:26:59Z" finished-at="2018-02-14T19:27:10Z">
    <groups>
    </groups>
    <test name="Default test" duration-ms="10784" started-at="2018-02-14T19:26:59Z" finished-at="2018-02-14T19:27:10Z">
      <class name="com.packt.tests.Troubleshooting">
        <test-method status="PASS" signature="waitTest()[pri:0, instance:com.packt.tests.Troubleshooting@71f2a7d5]" name="waitTest" duration-ms="10765" started-at="2018-02-14T14:26:59Z" finished-at="2018-02-14T14:27:10Z">
          <reporter-output>
          </reporter-output>
        </test-method> <!-- waitTest -->
      </class> <!-- com.packt.tests.Troubleshooting -->
    </test> <!-- Default test -->
  </suite> <!-- Default suite -->
</testng-results>
