<?xml version="1.0" encoding="UTF-8"?>
<testng-results skipped="0" failed="0" total="1" passed="1">
  <reporter-output>
  </reporter-output>
  <suite name="Default suite" duration-ms="17669" started-at="2018-02-16T01:14:02Z" finished-at="2018-02-16T01:14:19Z">
    <groups>
    </groups>
    <test name="Default test" duration-ms="17669" started-at="2018-02-16T01:14:02Z" finished-at="2018-02-16T01:14:19Z">
      <class name="com.packt.tests.Troubleshooting">
        <test-method status="PASS" signature="otherTest()[pri:0, instance:com.packt.tests.Troubleshooting@71f2a7d5]" name="otherTest" duration-ms="17651" started-at="2018-02-15T20:14:02Z" finished-at="2018-02-15T20:14:19Z">
          <reporter-output>
          </reporter-output>
        </test-method> <!-- otherTest -->
      </class> <!-- com.packt.tests.Troubleshooting -->
    </test> <!-- Default test -->
  </suite> <!-- Default suite -->
</testng-results>
