<?xml version="1.0" encoding="UTF-8"?>
<testng-results skipped="0" failed="0" total="1" passed="1">
  <reporter-output>
  </reporter-output>
  <suite name="Default suite" duration-ms="15726" started-at="2018-02-08T23:39:46Z" finished-at="2018-02-08T23:40:01Z">
    <groups>
    </groups>
    <test name="Default test" duration-ms="15726" started-at="2018-02-08T23:39:46Z" finished-at="2018-02-08T23:40:01Z">
      <class name="com.packt.tests.FirstTest">
        <test-method status="PASS" signature="firstTestMethod()[pri:0, instance:com.packt.tests.FirstTest@50cbc42f]" name="firstTestMethod" duration-ms="15709" started-at="2018-02-08T18:39:46Z" finished-at="2018-02-08T18:40:01Z">
          <reporter-output>
          </reporter-output>
        </test-method> <!-- firstTestMethod -->
      </class> <!-- com.packt.tests.FirstTest -->
    </test> <!-- Default test -->
  </suite> <!-- Default suite -->
</testng-results>
