<?xml version="1.0" encoding="UTF-8"?>
<!-- Generated by org.testng.reporters.JUnitXMLReporter -->
<testsuite hostname="Dee-PC" name="Troubleshooting Test" tests="4" failures="0" timestamp="27 Feb 2018 18:03:01 GMT" time="39.607" errors="0">
  <testcase name="otherTest" time="10.697" classname="com.packt.tests.Troubleshooting"/>
  <testcase name="staleElementTest" time="2.929" classname="com.packt.tests.Troubleshooting"/>
  <testcase name="visibilityTest" time="6.735" classname="com.packt.tests.Troubleshooting"/>
  <testcase name="waitTest" time="6.556" classname="com.packt.tests.Troubleshooting"/>
</testsuite> <!-- Troubleshooting Test -->
