<?xml version="1.0" encoding="UTF-8"?>
<testsuite xmlns:xsi="http://www.w3.org/2001/XMLSchema-instance" xsi:noNamespaceSchemaLocation="https://maven.apache.org/surefire/maven-surefire-plugin/xsd/surefire-test-report.xsd" name="TestSuite" time="41.871" tests="4" errors="0" skipped="0" failures="0">
  <properties>
[...]
</properties>
  <testcase name="otherTest" classname="com.packt.tests.Troubleshooting" time="14.933"/>
  <testcase name="staleElementTest" classname="com.packt.tests.Troubleshooting" time="5.644"/>
  <testcase name="visibilityTest" classname="com.packt.tests.Troubleshooting" time="10.887"/>
  <testcase name="waitTest" classname="com.packt.tests.Troubleshooting" time="9.631"/>
</testsuite>