<?xml version="1.0" encoding="UTF-8"?>
<testng-results skipped="0" failed="0" ignored="0" total="1" passed="1">
  <reporter-output>
  </reporter-output>
  <suite name="Surefire suite" duration-ms="7521" started-at="2018-02-08T00:36:54Z" finished-at="2018-02-08T00:37:01Z">
    <groups>
    </groups>
    <test name="Surefire test" duration-ms="7521" started-at="2018-02-08T00:36:54Z" finished-at="2018-02-08T00:37:01Z">
      <class name="com.packt.tests.FirstTest">
        <test-method status="PASS" signature="firstTestMethod()[pri:0, instance:com.packt.tests.FirstTest@4411d970]" name="firstTestMethod" duration-ms="7480" started-at="2018-02-08T00:36:54Z" finished-at="2018-02-08T00:37:01Z">
          <reporter-output>
          </reporter-output>
        </test-method> <!-- firstTestMethod -->
      </class> <!-- com.packt.tests.FirstTest -->
    </test> <!-- Surefire test -->
  </suite> <!-- Surefire suite -->
</testng-results>
