<?xml version="1.0" encoding="UTF-8"?>
<testng-results skipped="0" failed="0" ignored="0" total="1" passed="1">
  <reporter-output>
  </reporter-output>
  <suite name="Surefire suite" duration-ms="25182" started-at="2018-02-16T00:34:31Z" finished-at="2018-02-16T00:34:56Z">
    <groups>
    </groups>
    <test name="Surefire test" duration-ms="25182" started-at="2018-02-16T00:34:31Z" finished-at="2018-02-16T00:34:56Z">
      <class name="com.packt.tests.Troubleshooting">
        <test-method status="PASS" signature="otherTest()[pri:0, instance:com.packt.tests.Troubleshooting@6aaa5eb0]" name="otherTest" duration-ms="25150" started-at="2018-02-16T00:34:31Z" finished-at="2018-02-16T00:34:56Z">
          <reporter-output>
          </reporter-output>
        </test-method> <!-- otherTest -->
      </class> <!-- com.packt.tests.Troubleshooting -->
    </test> <!-- Surefire test -->
  </suite> <!-- Surefire suite -->
</testng-results>
