<?xml version="1.0" encoding="UTF-8"?>
<!-- Generated by org.testng.reporters.JUnitXMLReporter -->
<testsuite hostname="Dee-PC" name="First Test" tests="1" failures="1" timestamp="1 Mar 2018 18:18:54 GMT" time="5.801" errors="0">
  <testcase name="firstTest" time="1.811" classname="com.packt.tests.FirstTest">
    <failure type="java.lang.AssertionError" message="The following asserts failed:
LogOut button is not displayed., Page source doesn&amp;apos;t contain expected text: &amp;apos;You logged into a secure area!&amp;apos;">
      <![CDATA[java.lang.AssertionError: The following asserts failed:
LogOut button is not displayed., Page source doesn't contain expected text: 'You logged into a secure area!'
	at com.packt.tests.FirstTest.firstTest(FirstTest.java:26)
... Removed 25 stack frames]]>
    </failure>
  </testcase> <!-- firstTest -->
</testsuite> <!-- First Test -->
